<?xml version="1.0" encoding="UTF-8"?>
<testng-results ignored="0" total="1" passed="1" failed="0" skipped="0">
  <reporter-output>
  </reporter-output>
  <suite started-at="2020-06-02T13:07:52Z" name="Default suite" finished-at="2020-06-02T13:08:26Z" duration-ms="34370">
    <groups>
      <group name="cucumber">
        <method signature="TestRunner.feature(cucumber.api.testng.CucumberFeatureWrapper)[pri:0, instance:myRunner.TestRunner@10d68fcd]" name="feature" class="myRunner.TestRunner"/>
      </group> <!-- cucumber -->
    </groups>
    <test started-at="2020-06-02T13:07:52Z" name="Default test" finished-at="2020-06-02T13:08:26Z" duration-ms="34370">
      <class name="myRunner.TestRunner">
        <test-method is-config="true" signature="setUpClass()[pri:0, instance:myRunner.TestRunner@10d68fcd]" started-at="2020-06-02T13:07:52Z" name="setUpClass" finished-at="2020-06-02T13:07:52Z" duration-ms="307" status="PASS">
          <reporter-output>
          </reporter-output>
        </test-method> <!-- setUpClass -->
        <test-method signature="feature(cucumber.api.testng.CucumberFeatureWrapper)[pri:0, instance:myRunner.TestRunner@10d68fcd]" started-at="2020-06-02T13:07:53Z" name="feature" description="Runs Cucumber Feature" data-provider="features" finished-at="2020-06-02T13:08:26Z" duration-ms="33838" status="PASS">
          <params>
            <param index="0">
              <value>
                <![CDATA[Shop Clues Product List Feature]]>
              </value>
            </param>
          </params>
          <reporter-output>
          </reporter-output>
        </test-method> <!-- feature -->
        <test-method is-config="true" signature="tearDownClass()[pri:0, instance:myRunner.TestRunner@10d68fcd]" started-at="2020-06-02T13:08:26Z" name="tearDownClass" finished-at="2020-06-02T13:08:26Z" duration-ms="79" status="PASS">
          <reporter-output>
          </reporter-output>
        </test-method> <!-- tearDownClass -->
      </class> <!-- myRunner.TestRunner -->
    </test> <!-- Default test -->
  </suite> <!-- Default suite -->
</testng-results>
