<?xml version="1.0" encoding="UTF-8"?>
<testng-results ignored="0" total="1" passed="1" failed="0" skipped="0">
  <reporter-output>
  </reporter-output>
  <suite started-at="2020-05-26T13:32:32Z" name="Default suite" finished-at="2020-05-26T13:33:01Z" duration-ms="28789">
    <groups>
      <group name="cucumber">
        <method signature="TestRunner.feature(cucumber.api.testng.CucumberFeatureWrapper)[pri:0, instance:myRunner.TestRunner@10d68fcd]" name="feature" class="myRunner.TestRunner"/>
      </group> <!-- cucumber -->
    </groups>
    <test started-at="2020-05-26T13:32:32Z" name="Default test" finished-at="2020-05-26T13:33:01Z" duration-ms="28789">
      <class name="myRunner.TestRunner">
        <test-method is-config="true" signature="setUpClass()[pri:0, instance:myRunner.TestRunner@10d68fcd]" started-at="2020-05-26T13:32:32Z" name="setUpClass" finished-at="2020-05-26T13:32:33Z" duration-ms="325" status="PASS">
          <reporter-output>
          </reporter-output>
        </test-method> <!-- setUpClass -->
        <test-method signature="feature(cucumber.api.testng.CucumberFeatureWrapper)[pri:0, instance:myRunner.TestRunner@10d68fcd]" started-at="2020-05-26T13:32:33Z" name="feature" description="Runs Cucumber Feature" data-provider="features" finished-at="2020-05-26T13:33:01Z" duration-ms="28303" status="PASS">
          <params>
            <param index="0">
              <value>
                <![CDATA[ShopClues Login Feature]]>
              </value>
            </param>
          </params>
          <reporter-output>
          </reporter-output>
        </test-method> <!-- feature -->
        <test-method is-config="true" signature="tearDownClass()[pri:0, instance:myRunner.TestRunner@10d68fcd]" started-at="2020-05-26T13:33:01Z" name="tearDownClass" finished-at="2020-05-26T13:33:01Z" duration-ms="29" status="PASS">
          <reporter-output>
          </reporter-output>
        </test-method> <!-- tearDownClass -->
      </class> <!-- myRunner.TestRunner -->
    </test> <!-- Default test -->
  </suite> <!-- Default suite -->
</testng-results>
